ARM GAS  C:\Users\arnau\AppData\Local\Temp\ccnvLbTW.s 			page 1


   1              		.cpu cortex-m4
   2              		.arch armv7e-m
   3              		.fpu softvfp
   4              		.eabi_attribute 20, 1
   5              		.eabi_attribute 21, 1
   6              		.eabi_attribute 23, 3
   7              		.eabi_attribute 24, 1
   8              		.eabi_attribute 25, 1
   9              		.eabi_attribute 26, 1
  10              		.eabi_attribute 30, 2
  11              		.eabi_attribute 34, 1
  12              		.eabi_attribute 18, 4
  13              		.file	"hal.c"
  14              		.file 1 "../../chibios2111/os/hal/include/hal_st.h"
  15              		.file 2 "../../chibios2111/os/hal/boards/ST_NUCLEO64_G474RE/board.h"
  16              		.file 3 "../../chibios2111/os/hal/include/hal_sio.h"
  17              		.file 4 "../../chibios2111/os/hal/include/hal_serial.h"
  18              		.file 5 "../../chibios2111/os/hal/include/hal_pwm.h"
  19              		.file 6 "../../chibios2111/os/hal/ports/STM32/LLD/GPIOv2/hal_pal_lld.h"
  20              		.file 7 "../../chibios2111/os/hal/ports/STM32/STM32G4xx/hal_lld.h"
  21              		.file 8 "../../chibios2111/os/hal/src/hal.c"
  22              		.file 9 "../../chibios2111/os/hal/osal/rt-nil/osal.h"
  23              		.section	.gnu.debuglto_.debug_info,"e",%progbits
  24              	.Ldebug_info0:
  25              		.hidden	hal.c.d70a2d1d
  26              		.weak	hal.c.d70a2d1d
  27              	hal.c.d70a2d1d:
  28 0000 BF000000 		.4byte	0xbf
  29 0004 0500     		.2byte	0x5
  30 0006 01       		.byte	0x1
  31 0007 04       		.byte	0x4
  32 0008 00000000 		.4byte	.Ldebug_abbrev0
  33 000c 03       		.uleb128 0x3
  34 000d A2000000 		.4byte	.LASF19
  35 0011 1D       		.byte	0x1d
  36 0012 5E000000 		.4byte	.LASF20
  37 0016 C5010000 		.4byte	.LASF21
  38 001a 00000000 		.4byte	.Ldebug_line0
  39 001e 04       		.uleb128 0x4
  40 001f 04       		.byte	0x4
  41 0020 05       		.byte	0x5
  42 0021 696E7400 		.ascii	"int\000"
  43 0025 01       		.uleb128 0x1
  44 0026 04       		.byte	0x4
  45 0027 07       		.byte	0x7
  46 0028 21000000 		.4byte	.LASF0
  47 002c 01       		.uleb128 0x1
  48 002d 08       		.byte	0x8
  49 002e 05       		.byte	0x5
  50 002f 00000000 		.4byte	.LASF1
  51 0033 01       		.uleb128 0x1
  52 0034 08       		.byte	0x8
  53 0035 04       		.byte	0x4
  54 0036 A8010000 		.4byte	.LASF2
  55 003a 01       		.uleb128 0x1
  56 003b 01       		.byte	0x1
  57 003c 06       		.byte	0x6
ARM GAS  C:\Users\arnau\AppData\Local\Temp\ccnvLbTW.s 			page 2


  58 003d 9C010000 		.4byte	.LASF3
  59 0041 01       		.uleb128 0x1
  60 0042 01       		.byte	0x1
  61 0043 08       		.byte	0x8
  62 0044 81000000 		.4byte	.LASF4
  63 0048 01       		.uleb128 0x1
  64 0049 02       		.byte	0x2
  65 004a 05       		.byte	0x5
  66 004b 6E010000 		.4byte	.LASF5
  67 004f 01       		.uleb128 0x1
  68 0050 02       		.byte	0x2
  69 0051 07       		.byte	0x7
  70 0052 0E000000 		.4byte	.LASF6
  71 0056 01       		.uleb128 0x1
  72 0057 04       		.byte	0x4
  73 0058 05       		.byte	0x5
  74 0059 5D010000 		.4byte	.LASF7
  75 005d 01       		.uleb128 0x1
  76 005e 04       		.byte	0x4
  77 005f 07       		.byte	0x7
  78 0060 35000000 		.4byte	.LASF8
  79 0064 01       		.uleb128 0x1
  80 0065 08       		.byte	0x8
  81 0066 07       		.byte	0x7
  82 0067 47000000 		.4byte	.LASF9
  83 006b 01       		.uleb128 0x1
  84 006c 01       		.byte	0x1
  85 006d 08       		.byte	0x8
  86 006e 9D000000 		.4byte	.LASF10
  87 0072 01       		.uleb128 0x1
  88 0073 01       		.byte	0x1
  89 0074 02       		.byte	0x2
  90 0075 7F010000 		.4byte	.LASF11
  91 0079 05       		.uleb128 0x5
  92 007a 2E000000 		.4byte	.LASF12
  93 007e 01       		.byte	0x1
  94 007f 46       		.byte	0x46
  95 0080 08       		.byte	0x8
  96 0081 02       		.uleb128 0x2
  97 0082 92010000 		.4byte	.LASF13
  98 0086 02       		.byte	0x2
  99 0087 3004     		.2byte	0x430
 100 0089 02       		.uleb128 0x2
 101 008a BD010000 		.4byte	.LASF14
 102 008e 03       		.byte	0x3
 103 008f 3F02     		.2byte	0x23f
 104 0091 02       		.uleb128 0x2
 105 0092 78010000 		.4byte	.LASF15
 106 0096 04       		.byte	0x4
 107 0097 2201     		.2byte	0x122
 108 0099 02       		.uleb128 0x2
 109 009a EA010000 		.4byte	.LASF16
 110 009e 05       		.byte	0x5
 111 009f 1F01     		.2byte	0x11f
 112 00a1 02       		.uleb128 0x2
 113 00a2 8F000000 		.4byte	.LASF17
 114 00a6 06       		.byte	0x6
ARM GAS  C:\Users\arnau\AppData\Local\Temp\ccnvLbTW.s 			page 3


 115 00a7 F201     		.2byte	0x1f2
 116 00a9 02       		.uleb128 0x2
 117 00aa 85010000 		.4byte	.LASF18
 118 00ae 07       		.byte	0x7
 119 00af E706     		.2byte	0x6e7
 120 00b1 06       		.uleb128 0x6
 121 00b2 66010000 		.4byte	.LASF22
 122 00b6 08       		.byte	0x8
 123 00b7 38       		.byte	0x38
 124 00b8 06       		.byte	0x6
 125 00b9 07       		.uleb128 0x7
 126 00ba B4010000 		.4byte	.LASF23
 127 00be 09       		.byte	0x9
 128 00bf 1302     		.2byte	0x213
 129 00c1 14       		.byte	0x14
 130 00c2 00       		.byte	0
 131              		.section	.gnu.debuglto_.debug_abbrev,"e",%progbits
 132              	.Ldebug_abbrev0:
 133 0000 01       		.uleb128 0x1
 134 0001 24       		.uleb128 0x24
 135 0002 00       		.byte	0
 136 0003 0B       		.uleb128 0xb
 137 0004 0B       		.uleb128 0xb
 138 0005 3E       		.uleb128 0x3e
 139 0006 0B       		.uleb128 0xb
 140 0007 03       		.uleb128 0x3
 141 0008 0E       		.uleb128 0xe
 142 0009 00       		.byte	0
 143 000a 00       		.byte	0
 144 000b 02       		.uleb128 0x2
 145 000c 2E       		.uleb128 0x2e
 146 000d 00       		.byte	0
 147 000e 3F       		.uleb128 0x3f
 148 000f 19       		.uleb128 0x19
 149 0010 03       		.uleb128 0x3
 150 0011 0E       		.uleb128 0xe
 151 0012 3A       		.uleb128 0x3a
 152 0013 0B       		.uleb128 0xb
 153 0014 3B       		.uleb128 0x3b
 154 0015 05       		.uleb128 0x5
 155 0016 39       		.uleb128 0x39
 156 0017 21       		.uleb128 0x21
 157 0018 08       		.sleb128 8
 158 0019 27       		.uleb128 0x27
 159 001a 19       		.uleb128 0x19
 160 001b 3C       		.uleb128 0x3c
 161 001c 19       		.uleb128 0x19
 162 001d 00       		.byte	0
 163 001e 00       		.byte	0
 164 001f 03       		.uleb128 0x3
 165 0020 11       		.uleb128 0x11
 166 0021 01       		.byte	0x1
 167 0022 25       		.uleb128 0x25
 168 0023 0E       		.uleb128 0xe
 169 0024 13       		.uleb128 0x13
 170 0025 0B       		.uleb128 0xb
 171 0026 03       		.uleb128 0x3
ARM GAS  C:\Users\arnau\AppData\Local\Temp\ccnvLbTW.s 			page 4


 172 0027 0E       		.uleb128 0xe
 173 0028 1B       		.uleb128 0x1b
 174 0029 0E       		.uleb128 0xe
 175 002a 10       		.uleb128 0x10
 176 002b 17       		.uleb128 0x17
 177 002c 00       		.byte	0
 178 002d 00       		.byte	0
 179 002e 04       		.uleb128 0x4
 180 002f 24       		.uleb128 0x24
 181 0030 00       		.byte	0
 182 0031 0B       		.uleb128 0xb
 183 0032 0B       		.uleb128 0xb
 184 0033 3E       		.uleb128 0x3e
 185 0034 0B       		.uleb128 0xb
 186 0035 03       		.uleb128 0x3
 187 0036 08       		.uleb128 0x8
 188 0037 00       		.byte	0
 189 0038 00       		.byte	0
 190 0039 05       		.uleb128 0x5
 191 003a 2E       		.uleb128 0x2e
 192 003b 00       		.byte	0
 193 003c 3F       		.uleb128 0x3f
 194 003d 19       		.uleb128 0x19
 195 003e 03       		.uleb128 0x3
 196 003f 0E       		.uleb128 0xe
 197 0040 3A       		.uleb128 0x3a
 198 0041 0B       		.uleb128 0xb
 199 0042 3B       		.uleb128 0x3b
 200 0043 0B       		.uleb128 0xb
 201 0044 39       		.uleb128 0x39
 202 0045 0B       		.uleb128 0xb
 203 0046 27       		.uleb128 0x27
 204 0047 19       		.uleb128 0x19
 205 0048 3C       		.uleb128 0x3c
 206 0049 19       		.uleb128 0x19
 207 004a 00       		.byte	0
 208 004b 00       		.byte	0
 209 004c 06       		.uleb128 0x6
 210 004d 2E       		.uleb128 0x2e
 211 004e 00       		.byte	0
 212 004f 3F       		.uleb128 0x3f
 213 0050 19       		.uleb128 0x19
 214 0051 03       		.uleb128 0x3
 215 0052 0E       		.uleb128 0xe
 216 0053 3A       		.uleb128 0x3a
 217 0054 0B       		.uleb128 0xb
 218 0055 3B       		.uleb128 0x3b
 219 0056 0B       		.uleb128 0xb
 220 0057 39       		.uleb128 0x39
 221 0058 0B       		.uleb128 0xb
 222 0059 27       		.uleb128 0x27
 223 005a 19       		.uleb128 0x19
 224 005b 00       		.byte	0
 225 005c 00       		.byte	0
 226 005d 07       		.uleb128 0x7
 227 005e 2E       		.uleb128 0x2e
 228 005f 00       		.byte	0
ARM GAS  C:\Users\arnau\AppData\Local\Temp\ccnvLbTW.s 			page 5


 229 0060 03       		.uleb128 0x3
 230 0061 0E       		.uleb128 0xe
 231 0062 3A       		.uleb128 0x3a
 232 0063 0B       		.uleb128 0xb
 233 0064 3B       		.uleb128 0x3b
 234 0065 05       		.uleb128 0x5
 235 0066 39       		.uleb128 0x39
 236 0067 0B       		.uleb128 0xb
 237 0068 27       		.uleb128 0x27
 238 0069 19       		.uleb128 0x19
 239 006a 00       		.byte	0
 240 006b 00       		.byte	0
 241 006c 00       		.byte	0
 242              		.section	.gnu.debuglto_.debug_line,"e",%progbits
 243              	.Ldebug_line0:
 244 0000 72000000 		.4byte	.LELT0-.LSLT0
 245              	.LSLT0:
 246 0004 0500     		.2byte	0x5
 247 0006 04       		.byte	0x4
 248 0007 00       		.byte	0
 249 0008 6A000000 		.4byte	.LELTP0-.LASLTP0
 250              	.LASLTP0:
 251 000c 01       		.byte	0x1
 252 000d 01       		.byte	0x1
 253 000e 01       		.byte	0x1
 254 000f F6       		.byte	0xf6
 255 0010 F2       		.byte	0xf2
 256 0011 0D       		.byte	0xd
 257 0012 00       		.byte	0
 258 0013 01       		.byte	0x1
 259 0014 01       		.byte	0x1
 260 0015 01       		.byte	0x1
 261 0016 01       		.byte	0x1
 262 0017 00       		.byte	0
 263 0018 00       		.byte	0
 264 0019 00       		.byte	0
 265 001a 01       		.byte	0x1
 266 001b 00       		.byte	0
 267 001c 00       		.byte	0
 268 001d 01       		.byte	0x1
 269 001e 01       		.byte	0x1
 270 001f 01       		.uleb128 0x1
 271 0020 1F       		.uleb128 0x1f
 272 0021 07       		.uleb128 0x7
 273 0022 1F010000 		.4byte	.LASF24
 274 0026 AE000000 		.4byte	.LASF25
 275 002a 8D000000 		.4byte	.LASF26
 276 002e 6F010000 		.4byte	.LASF27
 277 0032 40000000 		.4byte	.LASF28
 278 0036 0A000000 		.4byte	.LASF29
 279 003a 70000000 		.4byte	.LASF30
 280 003e 02       		.byte	0x2
 281 003f 01       		.uleb128 0x1
 282 0040 1F       		.uleb128 0x1f
 283 0041 02       		.uleb128 0x2
 284 0042 0B       		.uleb128 0xb
 285 0043 0A       		.uleb128 0xa
ARM GAS  C:\Users\arnau\AppData\Local\Temp\ccnvLbTW.s 			page 6


 286 0044 E1000000 		.4byte	.LASF31
 287 0048 00       		.byte	0
 288 0049 66010000 		.4byte	.LASF32
 289 004d 02       		.byte	0x2
 290 004e 44010000 		.4byte	.LASF33
 291 0052 01       		.byte	0x1
 292 0053 4C010000 		.4byte	.LASF34
 293 0057 02       		.byte	0x2
 294 0058 12010000 		.4byte	.LASF35
 295 005c 02       		.byte	0x2
 296 005d 00000000 		.4byte	.LASF36
 297 0061 02       		.byte	0x2
 298 0062 04010000 		.4byte	.LASF37
 299 0066 04       		.byte	0x4
 300 0067 56010000 		.4byte	.LASF38
 301 006b 05       		.byte	0x5
 302 006c 60010000 		.4byte	.LASF39
 303 0070 06       		.byte	0x6
 304 0071 39000000 		.4byte	.LASF40
 305 0075 03       		.byte	0x3
 306              	.LELTP0:
 307              	.LELT0:
 308              		.section	.gnu.debuglto_.debug_str,"eMS",%progbits,1
 309              	.LASF1:
 310 0000 6C6F6E67 		.ascii	"long long int\000"
 310      206C6F6E 
 310      6720696E 
 310      7400
 311              	.LASF6:
 312 000e 73686F72 		.ascii	"short unsigned int\000"
 312      7420756E 
 312      7369676E 
 312      65642069 
 312      6E7400
 313              	.LASF0:
 314 0021 756E7369 		.ascii	"unsigned int\000"
 314      676E6564 
 314      20696E74 
 314      00
 315              	.LASF12:
 316 002e 7374496E 		.ascii	"stInit\000"
 316      697400
 317              	.LASF8:
 318 0035 6C6F6E67 		.ascii	"long unsigned int\000"
 318      20756E73 
 318      69676E65 
 318      6420696E 
 318      7400
 319              	.LASF9:
 320 0047 6C6F6E67 		.ascii	"long long unsigned int\000"
 320      206C6F6E 
 320      6720756E 
 320      7369676E 
 320      65642069 
 321              	.LASF20:
 322 005e 2E2E2F2E 		.ascii	"../../chibios2111/os/hal/src/hal.c\000"
 322      2E2F6368 
ARM GAS  C:\Users\arnau\AppData\Local\Temp\ccnvLbTW.s 			page 7


 322      6962696F 
 322      73323131 
 322      312F6F73 
 323              	.LASF4:
 324 0081 756E7369 		.ascii	"unsigned char\000"
 324      676E6564 
 324      20636861 
 324      7200
 325              	.LASF17:
 326 008f 5F70616C 		.ascii	"_pal_lld_init\000"
 326      5F6C6C64 
 326      5F696E69 
 326      7400
 327              	.LASF10:
 328 009d 63686172 		.ascii	"char\000"
 328      00
 329              	.LASF19:
 330 00a2 474E5520 		.ascii	"GNU C17 11.3.1 20220712 -mcpu=cortex-m4 -mthumb -mf"
 330      43313720 
 330      31312E33 
 330      2E312032 
 330      30323230 
 331 00d5 6C6F6174 		.ascii	"loat-abi=soft -march=armv7e-m -ggdb -O2 -fomit-fram"
 331      2D616269 
 331      3D736F66 
 331      74202D6D 
 331      61726368 
 332 0108 652D706F 		.ascii	"e-pointer -falign-functions=16 -ffunction-sections "
 332      696E7465 
 332      72202D66 
 332      616C6967 
 332      6E2D6675 
 333 013b 2D666461 		.ascii	"-fdata-sections -fno-common -flto\000"
 333      74612D73 
 333      65637469 
 333      6F6E7320 
 333      2D666E6F 
 334              	.LASF7:
 335 015d 6C6F6E67 		.ascii	"long int\000"
 335      20696E74 
 335      00
 336              	.LASF22:
 337 0166 68616C49 		.ascii	"halInit\000"
 337      6E697400 
 338              	.LASF5:
 339 016e 73686F72 		.ascii	"short int\000"
 339      7420696E 
 339      7400
 340              	.LASF15:
 341 0178 7364496E 		.ascii	"sdInit\000"
 341      697400
 342              	.LASF11:
 343 017f 5F426F6F 		.ascii	"_Bool\000"
 343      6C00
 344              	.LASF18:
 345 0185 68616C5F 		.ascii	"hal_lld_init\000"
 345      6C6C645F 
ARM GAS  C:\Users\arnau\AppData\Local\Temp\ccnvLbTW.s 			page 8


 345      696E6974 
 345      00
 346              	.LASF13:
 347 0192 626F6172 		.ascii	"boardInit\000"
 347      64496E69 
 347      7400
 348              	.LASF3:
 349 019c 7369676E 		.ascii	"signed char\000"
 349      65642063 
 349      68617200 
 350              	.LASF2:
 351 01a8 6C6F6E67 		.ascii	"long double\000"
 351      20646F75 
 351      626C6500 
 352              	.LASF23:
 353 01b4 6F73616C 		.ascii	"osalInit\000"
 353      496E6974 
 353      00
 354              	.LASF14:
 355 01bd 73696F49 		.ascii	"sioInit\000"
 355      6E697400 
 356              	.LASF21:
 357 01c5 433A5C43 		.ascii	"C:\\ChibiStudio\\gruppo14\\RT-MOTOR-PWM\000"
 357      68696269 
 357      53747564 
 357      696F5C67 
 357      72757070 
 358              	.LASF16:
 359 01ea 70776D49 		.ascii	"pwmInit\000"
 359      6E697400 
 360              		.section	.gnu.debuglto_.debug_line_str,"eMS",%progbits,1
 361              	.LASF36:
 362 0000 68616C5F 		.ascii	"hal_pwm.h\000"
 362      70776D2E 
 362      6800
 363              	.LASF29:
 364 000a 2E2E2F2E 		.ascii	"../../chibios2111/os/hal/ports/STM32/STM32G4xx\000"
 364      2E2F6368 
 364      6962696F 
 364      73323131 
 364      312F6F73 
 365              	.LASF40:
 366 0039 6F73616C 		.ascii	"osal.h\000"
 366      2E6800
 367              	.LASF28:
 368 0040 2E2E2F2E 		.ascii	"../../chibios2111/os/hal/ports/STM32/LLD/GPIOv2\000"
 368      2E2F6368 
 368      6962696F 
 368      73323131 
 368      312F6F73 
 369              	.LASF30:
 370 0070 2E2E2F2E 		.ascii	"../../chibios2111/os/hal/src\000"
 370      2E2F6368 
 370      6962696F 
 370      73323131 
 370      312F6F73 
 371              	.LASF26:
ARM GAS  C:\Users\arnau\AppData\Local\Temp\ccnvLbTW.s 			page 9


 372 008d 2E2E2F2E 		.ascii	"../../chibios2111/os/hal/include\000"
 372      2E2F6368 
 372      6962696F 
 372      73323131 
 372      312F6F73 
 373              	.LASF25:
 374 00ae 2E2E2F2E 		.ascii	"../../chibios2111/os/hal/boards/ST_NUCLEO64_G474RE\000"
 374      2E2F6368 
 374      6962696F 
 374      73323131 
 374      312F6F73 
 375              	.LASF31:
 376 00e1 2E2E2F2E 		.ascii	"../../chibios2111/os/hal/src/hal.c\000"
 376      2E2F6368 
 376      6962696F 
 376      73323131 
 376      312F6F73 
 377              	.LASF37:
 378 0104 68616C5F 		.ascii	"hal_pal_lld.h\000"
 378      70616C5F 
 378      6C6C642E 
 378      6800
 379              	.LASF35:
 380 0112 68616C5F 		.ascii	"hal_serial.h\000"
 380      73657269 
 380      616C2E68 
 380      00
 381              	.LASF24:
 382 011f 433A5C43 		.ascii	"C:\\ChibiStudio\\gruppo14\\RT-MOTOR-PWM\000"
 382      68696269 
 382      53747564 
 382      696F5C67 
 382      72757070 
 383              	.LASF33:
 384 0144 626F6172 		.ascii	"board.h\000"
 384      642E6800 
 385              	.LASF34:
 386 014c 68616C5F 		.ascii	"hal_sio.h\000"
 386      73696F2E 
 386      6800
 387              	.LASF38:
 388 0156 68616C5F 		.ascii	"hal_lld.h\000"
 388      6C6C642E 
 388      6800
 389              	.LASF39:
 390 0160 68616C2E 		.ascii	"hal.c\000"
 390      6300
 391              	.LASF32:
 392 0166 68616C5F 		.ascii	"hal_st.h\000"
 392      73742E68 
 392      00
 393              	.LASF27:
 394 016f 2E2E2F2E 		.ascii	"../../chibios2111/os/hal/osal/rt-nil\000"
 394      2E2F6368 
 394      6962696F 
 394      73323131 
 394      312F6F73 
ARM GAS  C:\Users\arnau\AppData\Local\Temp\ccnvLbTW.s 			page 10


 395              		.text
 396              		.section	.gnu.lto_.profile.1a67248e,"e",%progbits
 397 0000 789C6362 		.ascii	"x\234cb\000\001\000\000\022\000\003"
 397      00010000 
 397      120003
 398              		.text
 399              		.section	.gnu.lto_.icf.1a67248e,"e",%progbits
 400 0000 789CE364 		.ascii	"x\234\343d@\000F\206\375\313\236\354fd`\000\000\021"
 400      40004686 
 400      FDCB9EEC 
 400      66646000 
 400      0011
 401 0012 5B0310   		.ascii	"[\003\020"
 402              		.text
 403              		.section	.gnu.lto_.ipa_sra.1a67248e,"e",%progbits
 404 0000 789C1366 		.ascii	"x\234\023f@\000F\020B\205\000\002\307\000\035"
 404      40004610 
 404      42850002 
 404      C7001D
 405              		.text
 406              		.section	.gnu.lto_.inline.1a67248e,"e",%progbits
 407 0000 789CF367 		.ascii	"x\234\363g@\000F\006\006\256\206\206\206\005L\231\214"
 407      40004606 
 407      06AE8686 
 407      86054C99 
 407      8C
 408 0011 0C4C0C0C 		.ascii	"\014L\014\014\215@v\035\003\003\033\220j`Ja\002\011"
 408      8D40761D 
 408      03031B90 
 408      6A604A61 
 408      0209
 409 0023 01D57011 		.ascii	"\001\325p\021K2\000\000\377J\010%"
 409      4B320000 
 409      FF4A0825 
 410              		.text
 411              		.section	.gnu.lto_.jmpfuncs.1a67248e,"e",%progbits
 412 0000 789CE361 		.ascii	"x\234\343a@\000F$6\000\001D\000\016"
 412      40004624 
 412      36000144 
 412      000E
 413              		.text
 414              		.section	.gnu.lto_.pureconst.1a67248e,"e",%progbits
 415 0000 789C6361 		.ascii	"x\234ca```d\230\301\002\000\001`\000\242"
 415      60606064 
 415      98C10200 
 415      016000A2 
 416              		.text
 417              		.section	.gnu.lto_.ipa_modref.1a67248e,"e",%progbits
 418 0000 789CE367 		.ascii	"x\234\343g@\000F\006\006\005\001\001(\301\300\000\000"
 418      40004606 
 418      06050101 
 418      28C1C000 
 418      00
 419 0011 061F0091 		.ascii	"\006\037\000\221"
 420              		.text
 421              		.section	.gnu.lto_.lto.1a67248e,"e",%progbits
 422 0000 0B000300 		.ascii	"\013\000\003\000\001\000\000\000"
ARM GAS  C:\Users\arnau\AppData\Local\Temp\ccnvLbTW.s 			page 11


 422      01000000 
 423              		.text
 424              		.section	.gnu.lto_halInit.402.1a67248e,"e",%progbits
 425 0000 789CE362 		.ascii	"x\234\343bd`\360f``P\006bFf\006\306I\023\273\230\030"
 425      6460F066 
 425      60605006 
 425      62466606 
 425      C64913BB 
 426 0016 1A1A1A1C 		.ascii	"\032\032\032\034\330\231\030\033'vq2ng\004\363\030\031"
 426      D899181B 
 426      27767132 
 426      6E6704F3 
 426      1819
 427 0028 EA9918EB 		.ascii	"\352\231\030\353\031\0272\353\003\271?Z\247\375\340"
 427      191732EB 
 427      03B93F5A 
 427      A7FDE0
 428 0037 699578C5 		.ascii	"i\225x\305\300P\317\000\005\334\0206\3204\206\365\227"
 428      C050CF00 
 428      05DC1036 
 428      D03486F5 
 428      97
 429 0048 580F34FC 		.ascii	"X\0174\374\371\337\337\320\360\364\021\343>UN\006\206"
 429      F9DFDFD0 
 429      F0F411E3 
 429      3E554E06 
 429      86
 430 0059 79CC2023 		.ascii	"y\314 #\033X\030\033\01600\314gf\202p\232\201\234\357"
 430      1B58181B 
 430      0E3030CC 
 430      67668270 
 430      9A819CEF 
 431 006d 4C0D8FBE 		.ascii	"L\015\217\276\363\202\251?\214\014\177\231\232\025\030"
 431      F382A93F 
 431      8C0C7F99 
 431      9A1518
 432 007c BA18996A 		.ascii	"\272\030\231j\253\031\030\230\230\301\242S\330\020\242"
 432      AB191898 
 432      98C1A253 
 432      D810A2
 433 008b E570D139 		.ascii	"\345p\3219\354\010\321R\270\350&$\321b\270\350>$\321"
 433      EC08D152 
 433      B8E82624 
 433      D162B8E8 
 433      3E24D1
 434 009e 42B8E82D 		.ascii	"B\270\350-.\204h>\\\364\007\222h.X\364?S\323\203\277"
 434      2E84683E 
 434      5CF40792 
 434      682E58F4 
 434      3F53D383 
 435 00b3 5E602FCE 		.ascii	"^`/\316cf\2048\274\351\000\210\253\352l\025\343\234"
 435      63668438 
 435      BCE90088 
 435      ABEA6C15 
 435      E39C
 436 00c5 91999419 		.ascii	"\221\231\224\031\\R\232\222\231\037\223^TZP\220oh\022"
 436      5C529A92 
ARM GAS  C:\Users\arnau\AppData\Local\Temp\ccnvLbTW.s 			page 12


 436      991F935E 
 436      545A5090 
 436      6F6812
 437 00d8 1314A2EB 		.ascii	"\023\024\242\353\353\037\342\037\244\033\020\356\313"
 437      EB1FE21F 
 437      A41B10EE 
 437      CB
 438 00e5 A0ACA7A7 		.ascii	"\240\254\247\247\017D\311 \205\371\305F\206\206\206"
 438      0F44C920 
 438      85F9C546 
 438      868686
 439 00f4 FAF9C5FA 		.ascii	"\372\371\305\372\031\2119\372\305E\311 Z/\231\001\000"
 439      198939FA 
 439      C545C920 
 439      5A2F9901 
 439      00
 440 0105 EEAE7050 		.ascii	"\356\256pP"
 441              		.text
 442              		.section	.gnu.lto_.symbol_nodes.1a67248e,"e",%progbits
 443 0000 789C75CF 		.ascii	"x\234u\317M\025\3030\014\003`9J\023\030\0030Z\345\241"
 443      4D15C330 
 443      0C036039 
 443      4A131803 
 443      305AE5A1 
 444 0014 8EC15EF7 		.ascii	"\216\301^\367\333{Q\024\304P\214\307\2266\276Z'=}\276"
 444      DB7B5114 
 444      C4508CC7 
 444      9636BE5A 
 444      273D7DBE 
 445 0028 F86C00D2 		.ascii	"\370l\000\322Laj\311v\375\000\002\266\351\262\203-\224"
 445      4C616AC9 
 445      76FD0002 
 445      B6E9B283 
 445      2D94
 446 003a FD3CA703 		.ascii	"\375<\247\003\261\037\036\366\246Rd/\212\221=\251\034"
 446      B11F1EF6 
 446      A652642F 
 446      8A913DA9 
 446      1C
 447 004b D9831A22 		.ascii	"\331\203\032\"\273S%\262\033U\003#j\177m$Jo\253\021"
 447      BB5325B2 
 447      1B550323 
 447      6A7F6D24 
 447      4A6FAB11 
 448 005f 43AFDF56 		.ascii	"C\257\337V\263\257\205\240\257\255&_+a\276V\374\001"
 448      B3AF85A0 
 448      AFAD265F 
 448      2B61BE56 
 448      FC01
 449 0071 A1D96ED9 		.ascii	"\241\331n\331"
 450              		.text
 451              		.section	.gnu.lto_.refs.1a67248e,"e",%progbits
 452 0000 789C6364 		.ascii	"x\234cd\000\002\000\000\012\000\002"
 452      00020000 
 452      0A0002
 453              		.text
 454              		.section	.gnu.lto_.decls.1a67248e,"e",%progbits
ARM GAS  C:\Users\arnau\AppData\Local\Temp\ccnvLbTW.s 			page 13


 455 0000 789C8D91 		.ascii	"x\234\215\221]h\023Y\024\307\357\235\304d\324\356\332"
 455      5D681359 
 455      14C7EF9D 
 455      C464D4EE 
 455      DA
 456 0011 AE0A7E2C 		.ascii	"\256\012~,\213(BQ\232\230\032-*H\241J\021Z\343\326\212"
 456      8B284251 
 456      9A981A2D 
 456      2A48A14A 
 456      115AE3D6 
 457 0026 2F855093 		.ascii	"/\205P\223b\006Z\023\222T\353\203p&\011u\244~L\272\260"
 457      62065A13 
 457      9254EB83 
 457      70260975 
 457      A47E4CBA 
 458 003b 1B4357C6 		.ascii	"\033CW\306yY+,t\327\005m\265qH\207\030J\251\205e\205"
 458      79592B2C 
 458      74D7056D 
 458      B5714887 
 458      184AA985 
 459 0051 C582455F 		.ascii	"\305\202E_B\255P}\252\017R\317\2753\210/\305^\346\177"
 459      42AD507D 
 459      AA0F52CF 
 459      BD33882F 
 459      C55EE67F 
 460 0065 E7CE3DBF 		.ascii	"\347\316=\277\363?\347\336y'\020\322\206\352 \204,\343"
 460      F33FE7DE 
 460      792710D2 
 460      86EA2084 
 460      2CE3
 461 0077 C025F917 		.ascii	"\300%\371\027%\242\012(\003UD\231\250\022\252\214\232"
 461      25A20A28 
 461      03554499 
 461      A812AA8C 
 461      9A
 462 0088 444DA1AE 		.ascii	"DM\241\256PB\326\331\334s{o\334\216\227m\336\264\363"
 462      5042D6D9 
 462      DC737B6F 
 462      DC8E976D 
 462      DEB4F3
 463 009b 998F53F8 		.ascii	"\231\217S\370\177\372\217Q\341=\005\000\005\014\331"
 463      7FFA8F51 
 463      E13D0500 
 463      050CD9
 464 00aa 1455BD02 		.ascii	"\024U\275\002#\0001(Ur\371\376\212R\223MalD\201m9\334"
 464      23003128 
 464      5572F9FE 
 464      8A52934D 
 464      616C4481 
 465 00c1 CEE7E754 		.ascii	"\316\347\347TAs@\006\367 ]\005\377\340+\025\201t?\373"
 465      41734006 
 465      F7205D05 
 465      FFE02B15 
 465      81743FFB 
 466 00d5 BEBE454B 		.ascii	"\276\276EK\003\0373\024\214~\0301\\\372\004\364\347"
 466      031F3314 
 466      8C7E1831 
ARM GAS  C:\Users\arnau\AppData\Local\Temp\ccnvLbTW.s 			page 14


 466      5CFA04F4 
 466      E7
 467 00e6 A0259FAF 		.ascii	"\240%\237\257\224Y\011\030\234\033\272\272AK\317*\332"
 467      94590918 
 467      9C1BBABA 
 467      414BCF2A 
 467      DA
 468 00f7 046CD5D0 		.ascii	"\004l\325\320%\007\031#KeL\221\015\310\032T\325\206"
 468      25071923 
 468      4B654C91 
 468      0DC81A54 
 468      D586
 469 0109 6EDCCC98 		.ascii	"n\334\314\230*\225S\031\220\365\214R\215\023daV\251"
 469      2A955319 
 469      90F58C52 
 469      8D136461 
 469      56A9
 470 011b 5153A00C 		.ascii	"QS\240\014j\200\035\232\220Eag\246\222\325\015\370\001"
 470      6A801D9A 
 470      90456167 
 470      A692D50D 
 470      F801
 471 012d 1195B9D7 		.ascii	"\021\225\271\327@\012M4\\,\262\246uC\224u\206\000PU"
 471      400A4D34 
 471      5C2CB2A6 
 471      75439475 
 471      86005055 
 472 0141 679D9AB8 		.ascii	"g\235\232\270\200\214\"\033\246R\235\315d0d\262\003"
 472      808C221B 
 472      A6529DCD 
 472      643064B2 
 472      03
 473 0152 CE2AB266 		.ascii	"\316*\262f\340Bc_\000\016\302\006\362\002N\215NaL}\366"
 473      E042635F 
 473      000EC206 
 473      F2024E8D 
 473      4E614C7D 
 474 0167 D2F581F5 		.ascii	"\322\365\201\365\237\333D7\253\215\204\356\253\026\267"
 474      9FDB4437 
 474      AB8D84EE 
 474      AB16B7
 475 0176 13711739 		.ascii	"\023q\0279`\035\267\030\"c\224'\005\252\\\033\251\340"
 475      601DB718 
 475      22639427 
 475      05AA5C1B 
 475      A9E0
 476 0188 DA4CAB9D 		.ascii	"\332L\253\235\302\360\322\354\204\343G\014/\000l\232"
 476      C2F0D2EC 
 476      84E3470C 
 476      2F006C9A 
 477 0198 27E3F409 		.ascii	"'\343\364\0112\005J\336\363{\277'\227A\250\315\345`"
 477      32054ADE 
 477      F37BBF27 
 477      9741A8CD 
 477      E560
 478 01aa 69B9544A 		.ascii	"i\271TJ\375TJ\303=D\033\013t\224>\346^\243\224<\242"
 478      FD544AC3 
ARM GAS  C:\Users\arnau\AppData\Local\Temp\ccnvLbTW.s 			page 15


 478      3D441B0B 
 478      74943EE6 
 478      5EA3943C 
 479 01bf 0F69E02F 		.ascii	"\017i\340/*\016SLH\375\256O\321\332\034\300\322\314"
 479      2A0E534C 
 479      48FDAE4F 
 479      D1DA1CC0 
 479      D2CC
 480 01d1 C0CDB46B 		.ascii	"\300\315\264k\010\212B\201\0326l\2609pY|\311\310?\347"
 480      088A4281 
 480      1A366CB0 
 480      3970597C 
 480      C9C83FE7 
 481 01e5 DF3C58CF 		.ascii	"\337<X\317\310G\371[\225\237-\260h\203E\016\312T\274"
 481      C847F95B 
 481      959F2DB0 
 481      6883450E 
 481      CA54BC
 482 01f8 2B20F94C 		.ascii	"+ \371L\207\005\007'\377\376e\331g\221\246M\232\234"
 482      87050727 
 482      FFFE65D9 
 482      6791A64D 
 482      9A9C
 483 020a BC46C5FF 		.ascii	"\274F\305\377\030\371\333\325\30197'\227~\235\274\346"
 483      18F9DBD5 
 483      C1393727 
 483      977E9DBC 
 483      E6
 484 021b D66A0BB4 		.ascii	"\326j\013\264d\203%\016f\2518\340@\360\306\364\370+"
 484      6483250E 
 484      66A938E0 
 484      40F0C6F4 
 484      F82B
 485 022d 17075FE4 		.ascii	"\027\007_\344\237Z`\331\006\313\034\274M\305\247\014"
 485      9F5A60D9 
 485      06CB1CBC 
 485      4DC5A70C 
 486 023d 5C181EB8 		.ascii	"\\\030\036\270o\325\036\2733\177\213\203\22368\311\301"
 486      6FD51EBB 
 486      337F8B83 
 486      933638C9 
 486      C1
 487 024e BB54BCEE 		.ascii	"\273T\274\356D\360U\376\355\2475\034\374\360z\361\343"
 487      44F055FE 
 487      EDA7351C 
 487      FCF07AF1 
 487      E3
 488 025f F7569753 		.ascii	"\367V\227S6:\305\321a\212\327\356\304k\337\201\177\353"
 488      363AC5D1 
 488      618AD7EE 
 488      C46BDF81 
 488      7FEB
 489 0271 C18B37EE 		.ascii	"\301\2137\356\032\003`\021\264\242\263@\237\323idf\030"
 489      1A036011 
 489      B4A2B340 
 489      9FD36964 
 489      6618
ARM GAS  C:\Users\arnau\AppData\Local\Temp\ccnvLbTW.s 			page 16


 490 0283 E7F01D24 		.ascii	"\347\360\035$k;\343=\027\033\272\352z\310\272P4\236"
 490      6B3BE33D 
 490      171BBAEA 
 490      7AC8BA50 
 490      349E
 491 0295 ECEAABEB 		.ascii	"\354\352\253\353\361\023w\244\263\373\304\005)\271\323"
 491      F11377A4 
 491      B3FBC405 
 491      29B9D3
 492 02a4 E3F1E213 		.ascii	"\343\361\342\023\212H\347\244h\242\336\347\363y\243"
 492      8A48E7A4 
 492      68A2DEE7 
 492      F379A3
 493 02b3 092F06BD 		.ascii	"\011/\006\275\211x\210\275=!\261\371\344\231\035M\276"
 493      897888BD 
 493      3D21B1F9 
 493      E4991D4D 
 493      BE
 494 02c4 06B2817F 		.ascii	"\006\262\201\177z\302\015\373:\353\303\2760\331\335"
 494      7AC20DFB 
 494      3AEBC3BE 
 494      30D9DD
 495 02d3 74B8A389 		.ascii	"t\270\243\211%\236N\366\206\245h\307\371xo,\026\365"
 495      259E4EF6 
 495      86A568C7 
 495      F9786F2C 
 495      16F5
 496 02e5 F93BDADA 		.ascii	"\371;\332\332\353Z\003\355\201\266\272Sg[\311\256oW"
 496      EB5A03ED 
 496      81B6BA53 
 496      675BC9AE 
 496      6F57
 497 02f7 20AE4492 		.ascii	" \256D\2225\263gET\272\020\352\356\015w\261u0\221\364"
 497      35B36745 
 497      54BA10EA 
 497      EE0D77B1 
 497      753091F4 
 498 030b 44C8DA73 		.ascii	"D\310\332s\321\316x\230%\035Y1\211#\011\357\351\366"
 498      D1CE7898 
 498      251D5931 
 498      892309EF 
 498      E9F6
 499 031d E0C9334D 		.ascii	"\340\3113M-\307\003\007\375\301f\177\203\277\355\270"
 499      2DC70307 
 499      FDC1667F 
 499      83BFEDB8 
 500 032d 15411777 		.ascii	"\025A\027wB\2122\217\275\253+,E1\307\225\340e=\253K"
 500      428A328F 
 500      BDAB2B2C 
 500      4531C795 
 500      E0653DAB 
 501 0342 E98A4B78 		.ascii	"\351\212KxB\254\024\273\324\263\372J\010c\316w\301\030"
 501      42AC14BB 
 501      D4B3FA4A 
 501      0863CE77 
 501      C118
 502 0354 AEBBBBC3 		.ascii	"\256\273\273\303A\0113\217\256\230\031\303\277\312\216"
ARM GAS  C:\Users\arnau\AppData\Local\Temp\ccnvLbTW.s 			page 17


 502      4109338F 
 502      AE9819C3 
 502      BFCA8E
 503 0363 D9BABFDE 		.ascii	"\331\272\277\336\333\322r\314\333|\352D\340b\275ed\031"
 503      DBD272CC 
 503      DB7CEA44 
 503      E062BD65 
 503      6419
 504 0375 A05955E4 		.ascii	"\240YU\344+\257C\253\362\342s\263\277\257\317\033\371"
 504      2BAF43AB 
 504      F2E273B3 
 504      BFAFCF1B 
 504      F9
 505 0386 62F31968 		.ascii	"b\363\031hS\373\317"
 505      53FBCF
 506              		.text
 507              		.section	.gnu.lto_.symtab.1a67248e,"e",%progbits
 508 0000 68616C49 		.ascii	"halInit\000"
 508      6E697400 
 509 0008 00       		.ascii	"\000"
 510 0009 00       		.ascii	"\000"
 511 000a 00       		.ascii	"\000"
 512 000b 00000000 		.ascii	"\000\000\000\000\000\000\000\000"
 512      00000000 
 513 0013 BE000000 		.ascii	"\276\000\000\000"
 514 0017 7374496E 		.ascii	"stInit\000"
 514      697400
 515 001e 00       		.ascii	"\000"
 516 001f 02       		.ascii	"\002"
 517 0020 00       		.ascii	"\000"
 518 0021 00000000 		.ascii	"\000\000\000\000\000\000\000\000"
 518      00000000 
 519 0029 C0000000 		.ascii	"\300\000\000\000"
 520 002d 626F6172 		.ascii	"boardInit\000"
 520      64496E69 
 520      7400
 521 0037 00       		.ascii	"\000"
 522 0038 02       		.ascii	"\002"
 523 0039 00       		.ascii	"\000"
 524 003a 00000000 		.ascii	"\000\000\000\000\000\000\000\000"
 524      00000000 
 525 0042 C2000000 		.ascii	"\302\000\000\000"
 526 0046 73696F49 		.ascii	"sioInit\000"
 526      6E697400 
 527 004e 00       		.ascii	"\000"
 528 004f 02       		.ascii	"\002"
 529 0050 00       		.ascii	"\000"
 530 0051 00000000 		.ascii	"\000\000\000\000\000\000\000\000"
 530      00000000 
 531 0059 C4000000 		.ascii	"\304\000\000\000"
 532 005d 7364496E 		.ascii	"sdInit\000"
 532      697400
 533 0064 00       		.ascii	"\000"
 534 0065 02       		.ascii	"\002"
 535 0066 00       		.ascii	"\000"
 536 0067 00000000 		.ascii	"\000\000\000\000\000\000\000\000"
 536      00000000 
ARM GAS  C:\Users\arnau\AppData\Local\Temp\ccnvLbTW.s 			page 18


 537 006f C6000000 		.ascii	"\306\000\000\000"
 538 0073 70776D49 		.ascii	"pwmInit\000"
 538      6E697400 
 539 007b 00       		.ascii	"\000"
 540 007c 02       		.ascii	"\002"
 541 007d 00       		.ascii	"\000"
 542 007e 00000000 		.ascii	"\000\000\000\000\000\000\000\000"
 542      00000000 
 543 0086 C8000000 		.ascii	"\310\000\000\000"
 544 008a 5F70616C 		.ascii	"_pal_lld_init\000"
 544      5F6C6C64 
 544      5F696E69 
 544      7400
 545 0098 00       		.ascii	"\000"
 546 0099 02       		.ascii	"\002"
 547 009a 00       		.ascii	"\000"
 548 009b 00000000 		.ascii	"\000\000\000\000\000\000\000\000"
 548      00000000 
 549 00a3 CA000000 		.ascii	"\312\000\000\000"
 550 00a7 68616C5F 		.ascii	"hal_lld_init\000"
 550      6C6C645F 
 550      696E6974 
 550      00
 551 00b4 00       		.ascii	"\000"
 552 00b5 02       		.ascii	"\002"
 553 00b6 00       		.ascii	"\000"
 554 00b7 00000000 		.ascii	"\000\000\000\000\000\000\000\000"
 554      00000000 
 555 00bf CC000000 		.ascii	"\314\000\000\000"
 556              		.text
 557              		.section	.gnu.lto_.ext_symtab.1a67248e,"e",%progbits
 558 0000 01       		.ascii	"\001"
 559 0001 01       		.ascii	"\001"
 560 0002 00       		.ascii	"\000"
 561 0003 01       		.ascii	"\001"
 562 0004 00       		.ascii	"\000"
 563 0005 01       		.ascii	"\001"
 564 0006 00       		.ascii	"\000"
 565 0007 01       		.ascii	"\001"
 566 0008 00       		.ascii	"\000"
 567 0009 01       		.ascii	"\001"
 568 000a 00       		.ascii	"\000"
 569 000b 01       		.ascii	"\001"
 570 000c 00       		.ascii	"\000"
 571 000d 01       		.ascii	"\001"
 572 000e 00       		.ascii	"\000"
 573 000f 01       		.ascii	"\001"
 574 0010 00       		.ascii	"\000"
 575              		.text
 576              		.section	.gnu.lto_.opts,"e",%progbits
 577 0000 272D666E 		.ascii	"'-fno-openmp' '-fno-openacc' '-fno-pie' '-fcf-prote"
 577      6F2D6F70 
 577      656E6D70 
 577      2720272D 
 577      666E6F2D 
 578 0033 6374696F 		.ascii	"ction=none' '-g' '-mcpu=cortex-m4' '-mthumb' '-mflo"
 578      6E3D6E6F 
ARM GAS  C:\Users\arnau\AppData\Local\Temp\ccnvLbTW.s 			page 19


 578      6E652720 
 578      272D6727 
 578      20272D6D 
 579 0066 61742D61 		.ascii	"at-abi=soft' '-mlibarch=armv7e-m' '-march=armv7e-m'"
 579      62693D73 
 579      6F667427 
 579      20272D6D 
 579      6C696261 
 580 0099 20272D4F 		.ascii	" '-O2' '-fomit-frame-pointer' '-falign-functions=16"
 580      32272027 
 580      2D666F6D 
 580      69742D66 
 580      72616D65 
 581 00cc 2720272D 		.ascii	"' '-ffunction-sections' '-fdata-sections' '-fno-com"
 581      6666756E 
 581      6374696F 
 581      6E2D7365 
 581      6374696F 
 582 00ff 6D6F6E27 		.ascii	"mon' '-flto' '-Xassembler' '-alms=./build/lst/hal.l"
 582      20272D66 
 582      6C746F27 
 582      20272D58 
 582      61737365 
 583 0132 73742700 		.ascii	"st'\000"
 584              		.text
 585              		.comm	__gnu_lto_slim,1,1
 586              		.ident	"GCC: (Arm GNU Toolchain 11.3.Rel1) 11.3.1 20220712"
ARM GAS  C:\Users\arnau\AppData\Local\Temp\ccnvLbTW.s 			page 20


DEFINED SYMBOLS
                            *ABS*:00000000 hal.c
C:\Users\arnau\AppData\Local\Temp\ccnvLbTW.s:27     .gnu.debuglto_.debug_info:00000000 hal.c.d70a2d1d
                            *COM*:00000001 __gnu_lto_slim

NO UNDEFINED SYMBOLS
